  RayTracer.cpp
c:\users\hakaru\documents\programming\gitclones\hakaru'sraytracer\raytracer\src\raytracer.cpp(49): warning C4244: 'argument': conversion from 'int' to 'float', possible loss of data
c:\users\hakaru\documents\programming\gitclones\hakaru'sraytracer\raytracer\src\raytracer.cpp(113): warning C4244: 'initializing': conversion from 'float' to 'int', possible loss of data
c:\users\hakaru\documents\programming\gitclones\hakaru'sraytracer\raytracer\src\raytracer.cpp(121): warning C4305: 'initializing': truncation from '__int64' to 'float'
c:\users\hakaru\documents\programming\gitclones\hakaru'sraytracer\raytracer\src\raytracer.cpp(126): warning C4244: 'argument': conversion from 'double' to 'float', possible loss of data
c:\users\hakaru\documents\programming\gitclones\hakaru'sraytracer\raytracer\src\raytracer.cpp(141): warning C4244: 'initializing': conversion from 'float' to 'int', possible loss of data
c:\users\hakaru\documents\programming\gitclones\hakaru'sraytracer\raytracer\src\raytracer.cpp(148): warning C4305: 'initializing': truncation from '__int64' to 'float'
c:\users\hakaru\documents\programming\gitclones\hakaru'sraytracer\raytracer\src\raytracer.cpp(153): warning C4244: 'argument': conversion from 'double' to 'float', possible loss of data
c:\users\hakaru\documents\programming\gitclones\hakaru'sraytracer\raytracer\src\raytracer.cpp(170): warning C4244: 'initializing': conversion from 'float' to 'int', possible loss of data
c:\users\hakaru\documents\programming\gitclones\hakaru'sraytracer\raytracer\src\raytracer.cpp(178): warning C4305: 'initializing': truncation from '__int64' to 'float'
c:\users\hakaru\documents\programming\gitclones\hakaru'sraytracer\raytracer\src\raytracer.cpp(184): warning C4244: 'argument': conversion from 'double' to 'float', possible loss of data
c:\users\hakaru\documents\programming\gitclones\hakaru'sraytracer\raytracer\src\raytracer.cpp(212): warning C4305: 'initializing': truncation from '__int64' to 'float'
c:\users\hakaru\documents\programming\gitclones\hakaru'sraytracer\raytracer\src\raytracer.cpp(283): warning C4305: 'initializing': truncation from '__int64' to 'float'
c:\users\hakaru\documents\programming\gitclones\hakaru'sraytracer\raytracer\src\raytracer.cpp(356): warning C4305: 'initializing': truncation from '__int64' to 'float'
c:\program files (x86)\microsoft visual studio\2017\community\vc\tools\msvc\14.16.27023\include\type_traits(16707566): warning C4244: 'argument': conversion from '_Ty' to 'float', possible loss of data
          with
          [
              _Ty=int
          ]
  c:\program files (x86)\microsoft visual studio\2017\community\vc\tools\msvc\14.16.27023\include\type_traits(16707566): note: see reference to function template instantiation 'void std::_Invoker_functor::_Call<void(__cdecl *)(float,float,int,int,int,int,int,float,bool,bool,bool,float *,bool,Colour &,Camera &,Sphere &,std::vector<Renderable *,std::allocator<_Ty>> *),int,int,int,int,int,int,int,float,bool,bool,bool,float*,bool,std::reference_wrapper<Colour>,std::reference_wrapper<Camera>,std::reference_wrapper<Sphere>,std::vector<_Ty,std::allocator<_Ty>>*>(_Callable &&,int &&,int &&,int &&,int &&,int &&,int &&,int &&,float &&,bool &&,bool &&,bool &&,float *&&,bool &&,std::reference_wrapper<Colour> &&,std::reference_wrapper<Camera> &&,std::reference_wrapper<Sphere> &&,std::vector<_Ty,std::allocator<_Ty>> *&&) noexcept(false)' being compiled
          with
          [
              _Ty=Renderable *,
              _Callable=void (__cdecl *)(float,float,int,int,int,int,int,float,bool,bool,bool,float *,bool,Colour &,Camera &,Sphere &,std::vector<Renderable *,std::allocator<Renderable *>> *)
          ]
  c:\program files (x86)\microsoft visual studio\2017\community\vc\tools\msvc\14.16.27023\include\thr\xthread(237): note: see reference to function template instantiation 'void std::invoke<void(__cdecl *)(float,float,int,int,int,int,int,float,bool,bool,bool,float *,bool,Colour &,Camera &,Sphere &,std::vector<Renderable *,std::allocator<_Ty>> *),int,int,int,int,int,int,int,float,bool,bool,bool,float*,bool,std::reference_wrapper<Colour>,std::reference_wrapper<Camera>,std::reference_wrapper<Sphere>,std::vector<_Ty,std::allocator<_Ty>>*>(_Callable &&,int &&,int &&,int &&,int &&,int &&,int &&,int &&,float &&,bool &&,bool &&,bool &&,float *&&,bool &&,std::reference_wrapper<Colour> &&,std::reference_wrapper<Camera> &&,std::reference_wrapper<Sphere> &&,std::vector<_Ty,std::allocator<_Ty>> *&&) noexcept(false)' being compiled
          with
          [
              _Ty=Renderable *,
              _Callable=void (__cdecl *)(float,float,int,int,int,int,int,float,bool,bool,bool,float *,bool,Colour &,Camera &,Sphere &,std::vector<Renderable *,std::allocator<Renderable *>> *)
          ]
  c:\program files (x86)\microsoft visual studio\2017\community\vc\tools\msvc\14.16.27023\include\thr\xthread(246): note: see reference to function template instantiation 'void std::_LaunchPad<_Target>::_Execute<0,1,2,3,4,5,6,7,8,9,10,11,12,13,14,15,16,17>(std::tuple<void (__cdecl *)(float,float,int,int,int,int,int,float,bool,bool,bool,float *,bool,Colour &,Camera &,Sphere &,std::vector<Renderable *,std::allocator<_Ty>> *),int,int,int,int,int,int,int,float,bool,bool,bool,float *,bool,std::reference_wrapper<Colour>,std::reference_wrapper<Camera>,std::reference_wrapper<Sphere>,std::vector<_Ty,std::allocator<_Ty>> *> &,std::integer_sequence<unsigned __int64,0,1,2,3,4,5,6,7,8,9,10,11,12,13,14,15,16,17>)' being compiled
          with
          [
              _Target=std::unique_ptr<std::tuple<void (__cdecl *)(float,float,int,int,int,int,int,float,bool,bool,bool,float *,bool,Colour &,Camera &,Sphere &,std::vector<Renderable *,std::allocator<Renderable *>> *),int,int,int,int,int,int,int,float,bool,bool,bool,float *,bool,std::reference_wrapper<Colour>,std::reference_wrapper<Camera>,std::reference_wrapper<Sphere>,std::vector<Renderable *,std::allocator<Renderable *>> *>,std::default_delete<std::tuple<void (__cdecl *)(float,float,int,int,int,int,int,float,bool,bool,bool,float *,bool,Colour &,Camera &,Sphere &,std::vector<Renderable *,std::allocator<Renderable *>> *),int,int,int,int,int,int,int,float,bool,bool,bool,float *,bool,std::reference_wrapper<Colour>,std::reference_wrapper<Camera>,std::reference_wrapper<Sphere>,std::vector<Renderable *,std::allocator<Renderable *>> *>>>,
              _Ty=Renderable *
          ]
  c:\program files (x86)\microsoft visual studio\2017\community\vc\tools\msvc\14.16.27023\include\thr\xthread(245): note: see reference to function template instantiation 'void std::_LaunchPad<_Target>::_Execute<0,1,2,3,4,5,6,7,8,9,10,11,12,13,14,15,16,17>(std::tuple<void (__cdecl *)(float,float,int,int,int,int,int,float,bool,bool,bool,float *,bool,Colour &,Camera &,Sphere &,std::vector<Renderable *,std::allocator<_Ty>> *),int,int,int,int,int,int,int,float,bool,bool,bool,float *,bool,std::reference_wrapper<Colour>,std::reference_wrapper<Camera>,std::reference_wrapper<Sphere>,std::vector<_Ty,std::allocator<_Ty>> *> &,std::integer_sequence<unsigned __int64,0,1,2,3,4,5,6,7,8,9,10,11,12,13,14,15,16,17>)' being compiled
          with
          [
              _Target=std::unique_ptr<std::tuple<void (__cdecl *)(float,float,int,int,int,int,int,float,bool,bool,bool,float *,bool,Colour &,Camera &,Sphere &,std::vector<Renderable *,std::allocator<Renderable *>> *),int,int,int,int,int,int,int,float,bool,bool,bool,float *,bool,std::reference_wrapper<Colour>,std::reference_wrapper<Camera>,std::reference_wrapper<Sphere>,std::vector<Renderable *,std::allocator<Renderable *>> *>,std::default_delete<std::tuple<void (__cdecl *)(float,float,int,int,int,int,int,float,bool,bool,bool,float *,bool,Colour &,Camera &,Sphere &,std::vector<Renderable *,std::allocator<Renderable *>> *),int,int,int,int,int,int,int,float,bool,bool,bool,float *,bool,std::reference_wrapper<Colour>,std::reference_wrapper<Camera>,std::reference_wrapper<Sphere>,std::vector<Renderable *,std::allocator<Renderable *>> *>>>,
              _Ty=Renderable *
          ]
  c:\program files (x86)\microsoft visual studio\2017\community\vc\tools\msvc\14.16.27023\include\thr\xthread(242): note: while compiling class template member function 'void std::_LaunchPad<_Target>::_Run(std::_LaunchPad<_Target> *) noexcept'
          with
          [
              _Target=std::unique_ptr<std::tuple<void (__cdecl *)(float,float,int,int,int,int,int,float,bool,bool,bool,float *,bool,Colour &,Camera &,Sphere &,std::vector<Renderable *,std::allocator<Renderable *>> *),int,int,int,int,int,int,int,float,bool,bool,bool,float *,bool,std::reference_wrapper<Colour>,std::reference_wrapper<Camera>,std::reference_wrapper<Sphere>,std::vector<Renderable *,std::allocator<Renderable *>> *>,std::default_delete<std::tuple<void (__cdecl *)(float,float,int,int,int,int,int,float,bool,bool,bool,float *,bool,Colour &,Camera &,Sphere &,std::vector<Renderable *,std::allocator<Renderable *>> *),int,int,int,int,int,int,int,float,bool,bool,bool,float *,bool,std::reference_wrapper<Colour>,std::reference_wrapper<Camera>,std::reference_wrapper<Sphere>,std::vector<Renderable *,std::allocator<Renderable *>> *>>>
          ]
  c:\program files (x86)\microsoft visual studio\2017\community\vc\tools\msvc\14.16.27023\include\thr\xthread(230): note: see reference to function template instantiation 'void std::_LaunchPad<_Target>::_Run(std::_LaunchPad<_Target> *) noexcept' being compiled
          with
          [
              _Target=std::unique_ptr<std::tuple<void (__cdecl *)(float,float,int,int,int,int,int,float,bool,bool,bool,float *,bool,Colour &,Camera &,Sphere &,std::vector<Renderable *,std::allocator<Renderable *>> *),int,int,int,int,int,int,int,float,bool,bool,bool,float *,bool,std::reference_wrapper<Colour>,std::reference_wrapper<Camera>,std::reference_wrapper<Sphere>,std::vector<Renderable *,std::allocator<Renderable *>> *>,std::default_delete<std::tuple<void (__cdecl *)(float,float,int,int,int,int,int,float,bool,bool,bool,float *,bool,Colour &,Camera &,Sphere &,std::vector<Renderable *,std::allocator<Renderable *>> *),int,int,int,int,int,int,int,float,bool,bool,bool,float *,bool,std::reference_wrapper<Colour>,std::reference_wrapper<Camera>,std::reference_wrapper<Sphere>,std::vector<Renderable *,std::allocator<Renderable *>> *>>>
          ]
  c:\program files (x86)\microsoft visual studio\2017\community\vc\tools\msvc\14.16.27023\include\thr\xthread(257): note: see reference to class template instantiation 'std::_LaunchPad<_Target>' being compiled
          with
          [
              _Target=std::unique_ptr<std::tuple<void (__cdecl *)(float,float,int,int,int,int,int,float,bool,bool,bool,float *,bool,Colour &,Camera &,Sphere &,std::vector<Renderable *,std::allocator<Renderable *>> *),int,int,int,int,int,int,int,float,bool,bool,bool,float *,bool,std::reference_wrapper<Colour>,std::reference_wrapper<Camera>,std::reference_wrapper<Sphere>,std::vector<Renderable *,std::allocator<Renderable *>> *>,std::default_delete<std::tuple<void (__cdecl *)(float,float,int,int,int,int,int,float,bool,bool,bool,float *,bool,Colour &,Camera &,Sphere &,std::vector<Renderable *,std::allocator<Renderable *>> *),int,int,int,int,int,int,int,float,bool,bool,bool,float *,bool,std::reference_wrapper<Colour>,std::reference_wrapper<Camera>,std::reference_wrapper<Sphere>,std::vector<Renderable *,std::allocator<Renderable *>> *>>>
          ]
  c:\program files (x86)\microsoft visual studio\2017\community\vc\tools\msvc\14.16.27023\include\thread(46): note: see reference to function template instantiation 'void std::_Launch<std::unique_ptr<std::tuple<void (__cdecl *)(float,float,int,int,int,int,int,float,bool,bool,bool,float *,bool,Colour &,Camera &,Sphere &,std::vector<Renderable *,std::allocator<_Ty>> *),int,int,int,int,int,int,int,float,bool,bool,bool,float *,bool,std::reference_wrapper<Colour>,std::reference_wrapper<Camera>,std::reference_wrapper<Sphere>,std::vector<_Ty,std::allocator<_Ty>> *>,std::default_delete<std::tuple<void (__cdecl *)(float,float,int,int,int,int,int,float,bool,bool,bool,float *,bool,Colour &,Camera &,Sphere &,std::vector<_Ty,std::allocator<_Ty>> *),int,int,int,int,int,int,int,float,bool,bool,bool,float *,bool,std::reference_wrapper<Colour>,std::reference_wrapper<Camera>,std::reference_wrapper<Sphere>,std::vector<_Ty,std::allocator<_Ty>> *>>>>(_Thrd_t *,_Target &&)' being compiled
          with
          [
              _Ty=Renderable *,
              _Target=std::unique_ptr<std::tuple<void (__cdecl *)(float,float,int,int,int,int,int,float,bool,bool,bool,float *,bool,Colour &,Camera &,Sphere &,std::vector<Renderable *,std::allocator<Renderable *>> *),int,int,int,int,int,int,int,float,bool,bool,bool,float *,bool,std::reference_wrapper<Colour>,std::reference_wrapper<Camera>,std::reference_wrapper<Sphere>,std::vector<Renderable *,std::allocator<Renderable *>> *>,std::default_delete<std::tuple<void (__cdecl *)(float,float,int,int,int,int,int,float,bool,bool,bool,float *,bool,Colour &,Camera &,Sphere &,std::vector<Renderable *,std::allocator<Renderable *>> *),int,int,int,int,int,int,int,float,bool,bool,bool,float *,bool,std::reference_wrapper<Colour>,std::reference_wrapper<Camera>,std::reference_wrapper<Sphere>,std::vector<Renderable *,std::allocator<Renderable *>> *>>>
          ]
  c:\users\hakaru\documents\programming\gitclones\hakaru'sraytracer\raytracer\src\raytracer.cpp(34): note: see reference to function template instantiation 'std::thread::thread<void(__cdecl &)(float,float,int,int,int,int,int,float,bool,bool,bool,float *,bool,Colour &,Camera &,Sphere &,std::vector<Renderable *,std::allocator<_Ty>> *),int,int,int,int,int&,int&,int&,float&,bool&,bool&,bool&,float*&,bool&,std::reference_wrapper<Colour>,std::reference_wrapper<Camera>,std::reference_wrapper<Sphere>,std::vector<_Ty,std::allocator<_Ty>>*&,void>(_Fn,int &&,int &&,int &&,int &&,int &,int &,int &,float &,bool &,bool &,bool &,float *&,bool &,std::reference_wrapper<Colour> &&,std::reference_wrapper<Camera> &&,std::reference_wrapper<Sphere> &&,std::vector<_Ty,std::allocator<_Ty>> *&)' being compiled
          with
          [
              _Ty=Renderable *,
              _Fn=void (__cdecl &)(float,float,int,int,int,int,int,float,bool,bool,bool,float *,bool,Colour &,Camera &,Sphere &,std::vector<Renderable *,std::allocator<Renderable *>> *)
          ]
  Raytracer.vcxproj -> C:\Users\Hakaru\Documents\Programming\GitClones\Hakaru'sRaytracer\x64\Debug\Raytracer.exe
