c:\users\hakaru\documents\programming\gitclones\hakaru'sraytracer\raytracer\x64\debug\vc141.pdb
c:\users\hakaru\documents\programming\gitclones\hakaru'sraytracer\raytracer\x64\debug\vc141.idb
c:\users\hakaru\documents\programming\gitclones\hakaru'sraytracer\raytracer\x64\debug\vector.obj
c:\users\hakaru\documents\programming\gitclones\hakaru'sraytracer\raytracer\x64\debug\sphere.obj
c:\users\hakaru\documents\programming\gitclones\hakaru'sraytracer\raytracer\x64\debug\raytracer.obj
c:\users\hakaru\documents\programming\gitclones\hakaru'sraytracer\raytracer\x64\debug\ray.obj
c:\users\hakaru\documents\programming\gitclones\hakaru'sraytracer\raytracer\x64\debug\maths.obj
c:\users\hakaru\documents\programming\gitclones\hakaru'sraytracer\raytracer\x64\debug\colour.obj
c:\users\hakaru\documents\programming\gitclones\hakaru'sraytracer\raytracer\x64\debug\application.obj
c:\users\hakaru\documents\programming\gitclones\hakaru'sraytracer\raytracer\x64\debug\imgui_widgets.obj
c:\users\hakaru\documents\programming\gitclones\hakaru'sraytracer\raytracer\x64\debug\imgui_impl_opengl3.obj
c:\users\hakaru\documents\programming\gitclones\hakaru'sraytracer\raytracer\x64\debug\imgui_impl_glfw.obj
c:\users\hakaru\documents\programming\gitclones\hakaru'sraytracer\raytracer\x64\debug\imgui_draw.obj
c:\users\hakaru\documents\programming\gitclones\hakaru'sraytracer\raytracer\x64\debug\imgui_demo.obj
c:\users\hakaru\documents\programming\gitclones\hakaru'sraytracer\raytracer\x64\debug\imgui.obj
c:\users\hakaru\documents\programming\gitclones\hakaru'sraytracer\raytracer\x64\debug\triangle.obj
c:\users\hakaru\documents\programming\gitclones\hakaru'sraytracer\raytracer\x64\debug\camera.obj
c:\users\hakaru\documents\programming\gitclones\hakaru'sraytracer\raytracer\x64\debug\plain.obj
c:\users\hakaru\documents\programming\gitclones\hakaru'sraytracer\x64\debug\raytracer.pdb
c:\users\hakaru\documents\programming\gitclones\hakaru'sraytracer\x64\debug\raytracer.exe
c:\users\hakaru\documents\programming\gitclones\hakaru'sraytracer\x64\debug\raytracer.ilk
c:\users\hakaru\documents\programming\gitclones\hakaru'sraytracer\raytracer\x64\debug\raytracer.tlog\cl.command.1.tlog
c:\users\hakaru\documents\programming\gitclones\hakaru'sraytracer\raytracer\x64\debug\raytracer.tlog\cl.read.1.tlog
c:\users\hakaru\documents\programming\gitclones\hakaru'sraytracer\raytracer\x64\debug\raytracer.tlog\cl.write.1.tlog
c:\users\hakaru\documents\programming\gitclones\hakaru'sraytracer\raytracer\x64\debug\raytracer.tlog\link.command.1.tlog
c:\users\hakaru\documents\programming\gitclones\hakaru'sraytracer\raytracer\x64\debug\raytracer.tlog\link.read.1.tlog
c:\users\hakaru\documents\programming\gitclones\hakaru'sraytracer\raytracer\x64\debug\raytracer.tlog\link.write.1.tlog
